-1.472836602623186
-0.16400649201848683
-0.16098453065502025
-0.14143866013385384
-0.205863219291239
-0.20291988622108156
-0.18204783544741107
-0.23835615102330823
-0.23484263970575187
-0.21677925992349004
-0.2632273847911736
-0.2601922859886524
-0.24862266065957014
-0.27994162340853207
-0.2775250705905875
-0.26981425783772717
-0.2914251763041763
-0.28908185145229437
-0.2812845249639277
-0.29967369982313835
-0.2969480647135417
-0.2888321700867399
-0.3021227673849255
-0.2992152706873237
-0.29055994885602093
-0.30043375230300484
-0.2973092751824249
-0.289421704899429
-0.2962253894173909
-0.2925217342775174
-0.28538205174060466
-0.2886413540647365
-0.285843096512771
-0.27861152394996697
-0.27976240337591757
-0.2774644465026437
-0.2715055503081892
-0.26824587227811386
-0.26780118061539576
-0.25943555425102677
-0.2578584796245326
-0.2561782508712042
-0.24697993091723863
-0.24222184670047708
-0.24211743366204336
-0.23345886157352927
-0.23099260158556462
-0.23101101962392642
-0.22658530435350635
-0.21393442379052438
-0.2141869649658828
-0.20974566893489932
-0.1971675156854338
-0.19875811858114875
-0.19858889649020725
-0.2072377747905682
-0.20892069063246302
-0.21266499102479372
-0.1961474780817165
-0.19779487513461577
-0.20118194222592098
-0.17760094603076998
-0.1790787591090089
-0.18340176111998271
-0.1484496892996332
-0.1516961561173506
-0.15337960395536057
-0.19351223794004935
-0.1902604978458728
-0.18465715646259045
-0.2297445450078966
-0.22454921502079161
-0.21871754548998132
-0.25799346273549584
-0.2527858012670447
-0.24973450096205504
-0.27833182207913304
-0.27413893974299397
-0.2773598460126251
-0.29222366379035986
-0.28988494360901407
-0.2967274345297473
-0.3030039575905829
-0.30295482447916633
-0.3112878082382461
-0.3124036949110825
-0.31318880643584124
-0.3240413721573796
-0.3195528014797079
-0.3213668981726613
-0.33200871279428773
-0.32367774168857977
-0.32726759453811527
-0.3379567023336877
-0.32780363858002365
-0.33220643200930083
-0.3424731279635868
-0.3311378616653397
-0.3355821215322328
-0.3449523106065972
-0.33260047690565625
-0.33720712190661406
-0.345179535912491
-0.33230111395279244
-0.336709033202483
-0.3432584230533453
-0.32994967819294946
-0.3336480793058723
-0.3399379987945553
-0.32607440474539495
-0.328861496789191
-0.33579165453965476
-0.31995929356851643
-0.3234415418455302
-0.3304951858265378
-0.31141577093104983
-0.314666559046895
-0.3223313053036413
-0.2977903437695956
-0.3005137427944584
-0.3078527481253585
-0.2769716052880464
-0.2797348282385508
-0.28737908626614317
-0.24927435696789862
-0.2525905727160043
-0.2601876682728147
-0.21206815557902048
-0.21755231151259827
-0.22427291959181025
-0.2000762599251583
-0.19545815073964587
-0.1867287899116496
-0.24289662555293823
-0.23636294742560904
-0.22517436352977388
-0.2757980280083687
-0.2690714758909551
-0.2586915178710418
-0.2992337004583413
-0.29367304741996464
-0.2897824342089095
-0.31566379996427446
-0.31180422563836824
-0.3106624944315276
-0.32846868185135203
-0.32591060323163135
-0.32465233625444934
-0.3383632339806378
-0.33618494978690033
-0.3350048631473778
-0.3441430997490859
-0.3437553908523776
-0.3427919785629469
-0.34906421713825453
-0.34816156427910244
-0.3486085090369575
-0.35304355424576933
-0.3514941809210892
-0.3538086203292446
-0.35429833839221647
-0.3537432207707264
-0.3562129461806918
-0.35453422913421745
-0.3534892511110521
-0.3562774242537106
-0.35290495586214593
-0.3525217697955106
-0.3564452501112596
-0.350051866390438
-0.35014431318188577
-0.3537547192371857
-0.34665491157722195
-0.3469667201544883
-0.35294908115560664
-0.341125913852696
-0.3413230180762664
-0.35054440803958065
-0.3325931237860933
-0.3335908126873686
-0.345396826148894
-0.31920666362886985
-0.32068867716124355
-0.33663775770269955
-0.30330371626795205
-0.30416447146984976
-0.324278656025499
-0.28349006325666265
-0.288051241441194
-0.3076308979572702
-0.2617973823077984
-0.2651848996802662
-0.2829265280991814
-0.3865028854421832
-0.38812514572082407
-0.3769254298546084
-0.3817551880346243
-0.38348151605617375
-0.37124872866092234
-0.3770328155375693
-0.37827805540071197
-0.36612781768811387
-0.372749348208161
-0.3738293363450151
-0.3617327798993553
-0.3677074534983693
-0.368512753361613
-0.35762768769377046
-0.36293713871937955
-0.36327717495282125
-0.3535709979548857
-0.3577400806032101
-0.3582745658060569
-0.34927277660486766
-0.3512219936467909
-0.352135578629669
-0.34469819620306347
-0.3434561421863242
-0.3446804889521697
-0.337812838216125
-0.33410374711956653
-0.3364781213819706
-0.33003737613286394
-0.32416209941707086
-0.32705534269566927
-0.3211292714734451
-0.31393907558123163
-0.31743370559166895
-0.3133134795239175
-0.3028772217016186
-0.30591162742253375
-0.30250049613848146
-0.2902423873037829
-0.2940037469673596
-0.290444943855721
-0.27662031047036506
-0.2797683981475373
-0.2772988034131496
-0.26278415912915526
-0.2656635478951706
-0.2644907832614869
-0.2459485368866148
-0.2486136337931263
-0.24856837492405195
-0.23152277593021567
-0.23334103471268045
-0.233354051297969
-0.26286529933015945
-0.2631454513259067
-0.25820470118298483
-0.2730906818997151
-0.2735194230509332
-0.2690115792844388
-0.2821456771424746
-0.2835458444320042
-0.27829825588599844
-0.29160250274784705
-0.2928983798529284
-0.2873202125790653
-0.2999440816811221
-0.30195763753966365
-0.29553505320671564
-0.30759505025006456
-0.3090887305513059
-0.3027838914766669
-0.3144871052910708
-0.3160439250222082
-0.3109125045625825
-0.32206037409703653
-0.3235673952501417
-0.31952638688505175
-0.3291538709066878
-0.3301344575392993
-0.32744829751515
-0.3356881980424221
-0.3361233408474669
-0.3357282167229902
-0.34029094262509996
-0.3412164410504697
-0.3427207572892164
-0.3454079168668096
-0.34610275701154675
-0.34961246949743274
-0.34895876589430924
-0.34990756295900227
-0.3548089557010833
-0.35154016064959476
-0.3531893162274232
-0.359577434593709
-0.3540906879413524
-0.3556861105971135
-0.36272986675439506
-0.35522608404690015
-0.3574550748540665
-0.36412039366557875
-0.3565601221615878
-0.3586572774962451
-0.3648484338097056
-0.3571925538927032
-0.35945321044988277
-0.36472874873151295
-0.35827958316501607
-0.3602483687131436
-0.3642929617094742
-0.3582395117194937
-0.3607469426082175
-0.3631763930110738
-0.3580711277577086
-0.36086061497794036
-0.36237377840826646
-0.3583953022449137
-0.3601325540917256
-0.3603611814156569
-0.35845138730182413
-0.3608260902447134
-0.35959633506090366
-0.3585222086821747
-0.3609569867829774
-0.3584034990290342
-0.3596674570234266
-0.36175345611357596
-0.35758663558084985
-0.36197652225741667
-0.36280781818147767
-0.3574152922712955
-0.3638298156859255
-0.36392550513188116
-0.3570674683781379
-0.36575706636185906
-0.36507065597968985
-0.35829426733795805
-0.36772234355282446
-0.36730238402689397
-0.3599537936682271
-0.36955400218896656
-0.36885132224665357
-0.3629890975426934
-0.3715144394488268
-0.37052013504543246
-0.36596302068538694
-0.3736345627623747
-0.37242375883025175
-0.3683879795854531
-0.3749695974716913
-0.3740612471273109
-0.37069146171587397
-0.37582772513095664
-0.3753356011068387
-0.3717651878959573
-0.3766536143735324
-0.3761908801535881
-0.3733210948371469
-0.3771822704884593
-0.3765161633083148
-0.37330162339848993
-0.37749131724961427
-0.37660257185261903
-0.3733865500469909
-0.37734505775105026
-0.3769437768675988
-0.3727687514894573
-0.3766603942202486
-0.376699534185469
-0.37112407618161797
-0.37612886262432194
-0.375914154580528
-0.36992963213108715
-0.3745020031160541
-0.3747261212679153
-0.36724579088510007
-0.37223784301661966
-0.3726842790854162
-0.365158762110871
-0.36901140593935583
-0.3704372028417291
-0.36359191840237237
-0.3685426686927285
-0.369030109928488
-0.36384124022519804
-0.3712539031001142
-0.37469836853971195
-0.36633781291191214
-0.3787604347540054
-0.379651578364732
-0.3712014099539248
-0.23575512550111596
-0.2338936268141387
-0.22358188635302495
-0.2541116140652151
-0.2521438763724928
-0.24079064599289182
-0.27186164053176537
-0.2690165492687287
-0.2572008274497274
-0.2871256702249189
-0.2840752861423157
-0.272763630057848
-0.3017127225213058
-0.29825704919304924
-0.28735566442161997
-0.31501526251582923
-0.3111583406552253
-0.3006569717645364
-0.32779061113261954
-0.32387020299767016
-0.3148414028533514
-0.33895882064155275
-0.3354692923222679
-0.32733924805837583
-0.35031247436813584
-0.34660385997816406
-0.3402590825972361
-0.3590069150519812
-0.3559273118815068
-0.3540287531968323
-0.3672293566472683
-0.3645715000869704
-0.3634193599779284
-0.3754704399988505
-0.37306543436737094
-0.37364496569689093
-0.38237146628002905
-0.38036103336844523
-0.3825042567805711
-0.38799193004948235
-0.38693491211179104
-0.3889473647695968
-0.39452114336563104
-0.3932755717935424
-0.39501778152422473
-0.3993527323285292
-0.3990125128641691
-0.4011701849758001
-0.40450970678163367
-0.404106022647567
-0.4050699298788631
-0.40911981095961736
-0.4086538647357802
-0.40921118554453356
-0.4130370832401826
-0.41332090680634825
-0.4149937235587644
-0.41712405178978534
-0.41715109472946255
-0.4183016099848784
-0.41982349735033114
-0.4203068590722162
-0.42280339936853034
-0.422563742658758
-0.4231241972952903
-0.42464857648421517
-0.4244737993683963
-0.425529949852958
-0.4269064802907222
-0.4271181412602385
-0.4279461841404031
-0.4283411687591763
-0.4283387778542625
-0.42955026389356255
-0.4312212014874531
-0.4300618971274655
-0.43128303569830617
-0.4334697475504924
-0.4326301280680699
-0.43249102823220287
-0.4344597132525925
-0.4337501465927886
-0.4338152790049218
-0.43614684226429024
-0.4343610506745622
-0.43497096373301253
-0.4369394288143587
-0.43547984557865954
-0.43523279200596293
-0.4360918499363797
-0.4358270548533484
-0.4365181154027977
-0.4372560237546811
-0.4365145135929954
-0.43722222743643374
-0.4378701868689879
-0.4365881448147292
-0.43756483883302405
-0.43807243891035275
-0.4367367034417944
-0.4374880387654805
-0.4388317491769316
-0.43625575014702955
-0.4380121715466548
-0.43773963972005775
-0.4358044946931554
-0.43736160045849715
-0.4362131658764593
-0.4353301039558149
-0.4378829051971407
-0.43567439052370466
-0.4371308747982582
-0.43713408304161905
-0.43531990547814503
-0.43600416966247707
-0.43625229033474544
-0.43380154540808175
-0.4350194210547173
-0.4354535828410833
-0.4322648692510893
-0.43287096611627635
-0.4332243643445325
-0.4313679526203179
-0.43147266933678285
-0.4317607161595668
-0.4295147135386829
-0.4296211632495028
-0.43096004789617776
-0.4281894000894541
-0.4280771398074902
-0.4291706041286647
-0.4286251589355851
-0.42720858950930196
-0.4293871907861832
-0.4289149655095342
-0.4274814016977791
-0.42795162346681
-0.42977273237243
-0.42486193948753487
-0.427117053632261
-0.4278719116607934
-0.4219041494547976
-0.42449996813823554
-0.42471307606269343
-0.4203162050914035
-0.42197180495806436
-0.42274763446363717
-0.4164323293039851
-0.4188538013797622
-0.42228799740461404
-0.41481970490985837
-0.4151346730121174
-0.4199953429410795
-0.4088659259463459
-0.41135904287424746
-0.41595088818400666
-0.40315358795321143
-0.4059931249921397
-0.4105864915659342
-0.3976814864201901
-0.40139347747308796
-0.40495909284997983
-0.3929130016072096
-0.393939280657344
-0.39790723773425396
-0.38566007448527245
-0.38549499987163305
-0.3897731725537245
-0.37547421080723087
-0.37546889629630564
-0.3813308098430514
-0.3647684302921865
-0.36513140503370756
-0.3713002160161063
-0.3535027596979427
-0.35292503826406457
-0.3612535149436343
-0.34163022900388607
-0.3412224879948095
-0.3490243071667362
-0.32829215448350757
-0.32807518745905334
-0.3364394557588345
-0.3133667224977593
-0.3141484628226381
-0.32303197904271064
-0.29761384592010365
-0.29837012240597655
-0.30760087077558823
-0.2805291207724447
-0.28233413508500355
-0.2906272436114275
-0.18452542943891262
-0.18570779675241703
-0.19241078030666559
-0.1929879214847373
-0.19365041803100613
-0.20075493285055787
-0.20251947623036937
-0.20425677574841658
-0.21043735962276494
-0.20764984957476224
-0.2089982839430371
-0.21477153654608716
-0.2096505622781575
-0.20611834316767938
-0.20484861264333756
-0.221878461550689
-0.21882937762418966
-0.21667611098784892
-0.23700054995641315
-0.23470825727511382
-0.23132072445854804
-0.2500199246821666
-0.24860323640884335
-0.24492534963345222
-0.22249639342369953
-0.22714061506580419
-0.23548676972075674
-0.16190026233226215
-0.16734966744183252
-0.1706865023596483
-0.2571357320609581
-0.25895843692712983
-0.263511794966812
-0.2387792434968596
-0.24070818736877594
-0.2463030353269445
-0.10643184374107553
-0.11169713969379065
-0.11087789674412594
-0.22102921703030937
-0.22383551447254046
-0.22989285387010647
-0.17589196874338833
-0.1805616298350925
-0.1892008932135143
-0.20576518733715557
-0.20877677759895358
-0.21433005126198662
-0.18187790918697044
-0.18137689576828783
-0.18302135795888252
-0.21753477407767005
-0.21753916149362307
-0.21839761717933942
-0.14315281344821534
-0.14120222373557786
-0.133940608623707
-0.2123617367896283
-0.21051792865626456
-0.19646643770840885
-0.14763049347530488
-0.14420114460097858
-0.13331371598904201
-0.19530820367286478
-0.1944819413352924
-0.1794928105442478
-0.11713495475845932
-0.11444998211340851
-0.08824626383133426
-0.17969603737656245
-0.1786869043475736
-0.16403308425371224
-0.1744644694550969
-0.17647311493254803
-0.18298224975590074
-0.1971655021987586
-0.19333171669592158
-0.1928274840024584
-0.1552010704004451
-0.15796645832810435
-0.1658855438267191
-0.16507947137298176
-0.16764656497465286
-0.17442216544880768
-0.17577334085776936
-0.17210517899183045
-0.17190699556209169
-0.18613282304203607
-0.18252077762200097
-0.18191759125832477
-0.12093319013299211
-0.12756255770627264
-0.13189310484836625
-0.19117813504076997
-0.1945950145482204
-0.19973801689821363
-0.07785050524217095
-0.08453951553051464
-0.08406634598668629
-0.17787559504624567
-0.1816937230860441
-0.18643670955529784
-0.13867666451426486
-0.14343541569496043
-0.1493485577646274
-0.16510024642945578
-0.16898186074359858
-0.17225227846648286
-0.08996673329528049
-0.09599918008873554
-0.10020427780630455
-0.1539397318623082
-0.15738277141900095
-0.16035596160084722
-0.1650613011376657
-0.16369728439422174
-0.16779237244317202
-0.20608091071196735
-0.2055583853893337
-0.20613781985832536
-0.1474799405287582
-0.14575820700540315
-0.15106989730082346
-0.19605644391418386
-0.19470585125245363
-0.1953734986212716
-0.12922911956119892
-0.12794070785565317
-0.13524287666308524
-0.1854878483628286
-0.18377389974861202
-0.1845745912189666
-0.06340168393280388
-0.06344120471564764
-0.05766705579889516
-0.17558631290843116
-0.1737181642417716
-0.17498446368697798
-0.056258728801630645
-0.05583319189295814
-0.04933171455588191
-0.04901665625293657
-0.04892831840750867
-0.044195142165980604
-0.16511359613207677
-0.16475755044267446
-0.15054576640653272
-0.10994325450888007
-0.10834708822743264
-0.09810737160175353
-0.15203186046178258
-0.15161024990691832
-0.13791284366783357
-0.10461947129770682
-0.10446708532299527
-0.0948964947660172
-0.08866825631007609
-0.08659904882795531
-0.05846109350160857
-0.14029251433075088
-0.13987894720664182
-0.12559434492316526
-0.07656914158693894
-0.07572454791631777
-0.06782963705851927
-0.12903967214461246
-0.1276505269387891
-0.11540712177663295
-0.14584527161495772
-0.14907063381911284
-0.15775008355540093
-0.16671019406909693
-0.16353353286793162
-0.16504656857504613
-0.05651158964413604
-0.06329588148903796
-0.0638229899637964
-0.14259633028249816
-0.14628596149697942
-0.14947958508586542
-0.10948383540052828
-0.11367819372428466
-0.11718957665891562
-0.13386086467121922
-0.13695489451032752
-0.1386462968144897
-0.11218462897562814
-0.1102769595261233
-0.1173174078880834
-0.0688903371398143
-0.0698140794173831
-0.0652810773692946
-0.16701839730820833
-0.16558817250029434
-0.16627903400389227
-0.042310916680091286
-0.04179096922633852
-0.037959103888058156
-0.08246080903833329
-0.08095324817170126
-0.07190687663860373
-0.11858318294348152
-0.11724515361050188
-0.10506893171926592
-0.06659508569231425
-0.06469286116564799
-0.03878149026125369
-0.10858691634433423
-0.10718428657664648
-0.09653941482766466
-0.054536819119658575
-0.054156878627754194
-0.044777344547256195
-0.10020563061431674
-0.09859177802351576
-0.08776225555869209
-0.1366422174199139
-0.140146406550435
-0.15017183372915396
-0.15759519772844402
-0.15496674682935466
-0.1564469088550517
-0.12745105609406013
-0.13173574577667613
-0.1414885449468055
-0.14884709312270963
-0.1475814361423281
-0.14905838437085292
-0.1204409752738328
-0.12390892660796632
-0.13408862762819174
-0.1416688639152823
-0.14071648511160031
-0.1423954851167686
-0.06835405222250164
-0.07369846317297164
-0.07685986821370953
-0.12552691004282202
-0.12834969022034065
-0.1303628300962972
-0.04356381846182792
-0.049562854802760715
-0.050262344708712034
-0.11725568400714631
-0.11992102866951079
-0.12154451945922869
-0.09812806016839469
-0.09577409308291084
-0.10099795663459789
-0.07454752297780952
-0.07583523747578334
-0.07318192693154664
-0.15926351399648028
-0.15791593597009676
-0.15748480244192087
-0.07832131901687468
-0.08016913510584825
-0.0780559501801144
-0.15101741230742102
-0.14987520603963014
-0.14813726995706314
-0.0826096880618955
-0.0836220923304352
-0.07975922936780537
-0.14350605433754016
-0.14261684378195355
-0.1399181493326537
-0.03697534497008989
-0.03590914273061518
-0.034714436804502743
-0.0611448555478978
-0.05919870351749677
-0.05142823338231329
-0.09215557182746126
-0.090805980288039
-0.0802288931129677
-0.05099091897353586
-0.0488403825799986
-0.0243674947136385
-0.08569618240620865
-0.08388038999668708
-0.0738284239284749
-0.03157229867948139
-0.03096075571808088
-0.0333391377922388
-0.07882337335925238
-0.07725309058084176
-0.0679280729808481
-0.03995147841623254
-0.03898718259307669
-0.028365109947906968
-0.08471599101867068
-0.08208069849431301
-0.08430287551037433
-0.08547910164920065
-0.08507626035066237
-0.07928657008429865
-0.1362801768329062
-0.13588804367923474
-0.13198895501369023
-0.046296288871829835
-0.04530774137026977
-0.03787242854263173
-0.07230401004983109
-0.071233393247727
-0.06258981296573267
-0.11336338341704492
-0.11637284209280634
-0.12616155347202285
-0.13515077695886224
-0.1345774979352119
-0.13782090471496497
-0.10792755602435335
-0.1099306614118745
-0.11988566001187126
-0.12995371884269238
-0.12957488878844736
-0.13352268336494652
-0.10242984287149706
-0.10283596277785703
-0.11268999894284223
-0.12518340406370243
-0.12433931037965554
-0.12946599362606145
-0.09577953026080782
-0.0957350258928539
-0.10540609253726167
-0.12014150935391117
-0.11902272739625336
-0.1253609014204774
-0.08943446010931151
-0.08902756329191781
-0.09806214292986402
-0.11585804202450313
-0.11457400834055645
-0.12096586363171938
-0.08760002759683384
-0.09105339618735779
-0.09365261779972932
-0.11024379807420982
-0.11260925322170366
-0.11394963950575919
-0.03641641343960007
-0.04041905836071125
-0.04093606608926382
-0.0536146090168585
-0.05723173881843867
-0.060480962035559145
-0.10459729568373757
-0.10610179383963116
-0.1073827405932146
-0.09785592051971223
-0.09974603637815278
-0.10135211297272675
-0.07122751444594956
-0.07408283972730549
-0.07531145697450033
-0.09296224520176512
-0.09390635990513407
-0.09472939056833012
-0.042366239549404765
-0.04450800047512599
-0.04728334176414721
-0.08752142300888832
-0.08853161308406887
-0.08872299443951817
-0.031485359383302484
-0.032797447915035575
-0.03282198422124866
-0.0823761720664275
-0.08356629219302011
-0.08361694116270894
-0.07269609329054634
-0.06970607093378153
-0.07008131977694886
-0.06089636627564435
-0.058994751451518106
-0.05921993003810447
-0.0857649746443216
-0.08587080661611393
-0.07842201012558614
-0.13078217295945677
-0.13030340244279154
-0.12510535264250972
-0.08541986272766694
-0.0847413934026914
-0.07564664751869232
-0.12478560946678006
-0.124556665078936
-0.11807484105729889
-0.08625893455970003
-0.08286258192425468
-0.07489913774360868
-0.12007802608751654
-0.11965047944092444
-0.11237291039922216
-0.0844276479117825
-0.08013809560947979
-0.07164044867798493
-0.11615630990985391
-0.11505431641187756
-0.10702143656039244
-0.08147080940998566
-0.07900807986021374
-0.07093444516992162
-0.1120845373802189
-0.11117094622080219
-0.10265508900142785
-0.0787352824528447
-0.07646657263746345
-0.06811238802357449
-0.1090607490751923
-0.10760334893754962
-0.09911306664017033
-0.039637308532964724
-0.03720856477707715
-0.015699551904853424
-0.06731002288645499
-0.0660192491470743
-0.05797974221559564
-0.026730474917469656
-0.0263966057626624
-0.03148859821136514
-0.06244719369495976
-0.061156861765441724
-0.05423172703874811
-0.03620997862629262
-0.03489712229441463
-0.029248917475027135
-0.0318899372033531
-0.029832800151243597
-0.010981226458504034
-0.05313452673630361
-0.052935047922854236
-0.04694763351092806
-0.05752887669351017
-0.05705919170312289
-0.050862573873563514
-0.02963725312895695
-0.028758147573514605
-0.01810315279611834
-0.08126245093367987
-0.08115539992123351
-0.09071579461043904
-0.1111356695274476
-0.10937054768509466
-0.11584495265891102
-0.07174863348262939
-0.07290909615911835
-0.08214322621917076
-0.10638797211988855
-0.10472691802044454
-0.11016825146522481
-0.03463933863725907
-0.03181782186132612
-0.028025025246054082
-0.02987321859376751
-0.028215147763861057
-0.02512915804847203
-0.026423581915191383
-0.025546445048638504
-0.022903720701855264
-0.024377029270690832
-0.023276700786042843
-0.021456720155573906
-0.05693973103757385
-0.06040889396983737
-0.060310124013417676
-0.0779402082605419
-0.0786528613003318
-0.07827141979753369
-0.033400731675313114
-0.03501280489073135
-0.03694583695492152
-0.07358869567286694
-0.07428227050371689
-0.07425696861980607
-0.021817105033912786
-0.021924667208422705
-0.011512225435054807
-0.049086533518234186
-0.0489499978072293
-0.043835615692397946
-0.06155623790368741
-0.06303024943340288
-0.07419163438569037
-0.10180756926135161
-0.1006093411490216
-0.10534583432598449
-0.05080198447068778
-0.05228994932156558
-0.0665974684024902
-0.09612631359220293
-0.09584364317904158
-0.10017412380439789
-0.04949244340002912
-0.04778312459154774
-0.036931432532486375
-0.04532432912151504
-0.043553693857476185
-0.033576655401908226
-0.09091275912407637
-0.08999825363107636
-0.09555592813392116
-0.040251331357664094
-0.03757909171561894
-0.031154199940294593
-0.02264377047737573
-0.02155585703434582
-0.020297021706029775
-0.021734730755815442
-0.01982352017782844
-0.01941793359382971
-0.025624225733596316
-0.026584502001504536
-0.02579014918150026
-0.06986140910695011
-0.07063035503989415
-0.06945337518582029
-0.0465641054666988
-0.05055077516617305
-0.05006182797351244
-0.027004826011205556
-0.027445422772416857
-0.029571404389880273
-0.0664610359599402
-0.06700017817363589
-0.06597665693278534
-0.06359205571926561
-0.06363137118429088
-0.06255487984125721
-0.022220656537880273
-0.02183721850561998
-0.021656674111360928
-0.06023846045846985
-0.06032898332284446
-0.060011141996460925
-0.050605081716215486
-0.05055094496936846
-0.05005525458029643
-0.04411399332652203
-0.04398818708258834
-0.043249591680471745
-0.07892058598005121
-0.07556964450273296
-0.06838236571635586
-0.10598948014387934
-0.10437843386587763
-0.09631174241953824
-0.07651704626485811
-0.0738961390627926
-0.06786655689256436
-0.1031756141818627
-0.10122226809023933
-0.0937874643448952
-0.07605512852168375
-0.07603070929312176
-0.07149729275304062
-0.10052909125800705
-0.098131277168346
-0.09148525722472246
-0.0770671603859845
-0.07734240188377055
-0.07411960162380504
-0.09746447114375704
-0.09525175762377816
-0.0899022203483584
-0.07927485717259829
-0.07726616663277888
-0.07948951865537283
-0.09490375361938579
-0.09281983460128913
-0.08802982479479714
-0.02254207022957135
-0.021956378188776715
-0.02882909835521
-0.028482131694576283
-0.027525248222869423
-0.02350315274604573
-0.026047239808016712
-0.02385757874797245
-0.009425082083238424
-0.04253228943806175
-0.0420954912251852
-0.03847938354434302
-0.045491668237490276
-0.045469018652550444
-0.04113147493437388
-0.015990191263667956
-0.016376163051218088
-0.00717484674353169
-0.03870877214404883
-0.0385952478139604
-0.03644769545342946
-0.01897248317694447
-0.018388579818408284
-0.026646341655809157
-0.02095056124182605
-0.02064664928638078
-0.01847560699583052
-0.03564312784264113
-0.035415958914004605
-0.03376134577796439
-0.05179903728598279
-0.05057180012082349
-0.04048731831699411
-0.08620062875607666
-0.08558873145349852
-0.09054811020349399
-0.07788752719827646
-0.07954815617101492
-0.08140088336234383
-0.09253709094567901
-0.09044140711564667
-0.08713302776187319
-0.04142031572404707
-0.0422151290395288
-0.058624495601435164
-0.05403780231791547
-0.052638820982551994
-0.04413039210301212
-0.08146896874923788
-0.08166213996227645
-0.08685121853732801
-0.02100047722296795
-0.018243967330494448
-0.01796129578411607
-0.05609368553680056
-0.05409690859659327
-0.0469327316721559
-0.07755943972353077
-0.07789393288297658
-0.0828751864139793
-0.03883713175928713
-0.04334994004300682
-0.042368153674114964
-0.057734483837965145
-0.057952950679799456
-0.057000826094360385
-0.07809345677565696
-0.07602889634154075
-0.08031467045300104
-0.08996435981166358
-0.08783958447837996
-0.08492250991285767
-0.07393070723577184
-0.0713312560048611
-0.07642318679732664
-0.08723912007567061
-0.08488451949053619
-0.08275798300294752
-0.02109097270531884
-0.01923441265783124
-0.007595248266932237
-0.03266831867699688
-0.0329666847648396
-0.030837596555587838
-0.015566855969898952
-0.015213415208967537
-0.023189622889451058
-0.03001325036147138
-0.02957149489636447
-0.027846966402875793
-0.01165989830712974
-0.01164369664673968
-0.0031387786297203263
-0.03440159147009384
-0.034897813873248626
-0.049968692047109166
-0.05751011488087431
-0.05589995980731896
-0.04921315062940392
-0.0744475194066014
-0.0749491090410404
-0.07855625504631399
-0.05926536685936056
-0.05761021157800789
-0.05176297440369369
-0.07164068391934697
-0.07219014093510105
-0.07526174256758891
-0.059482099317279456
-0.059409558144977795
-0.053964576906305704
-0.06869820268771643
-0.0697918498269393
-0.07160149644303038
-0.019896930493241382
-0.016449403007462796
-0.015914828959272927
-0.018897352078677866
-0.014603010636792688
-0.014632672420245465
-0.027267274494166712
-0.028689369644907613
-0.04272082643431608
-0.059572967497097826
-0.05991024352014911
-0.05643611767355917
-0.066801863256881
-0.06784939672499987
-0.06828282168967767
-0.058575835583238624
-0.059374600963136646
-0.056433330182686155
-0.06486592928242718
-0.06589827655133831
-0.06543178657874585
-0.01971681749400215
-0.018271125682103106
-0.01821394843698221
-0.020711268169554105
-0.022455290638457238
-0.02419348312698346
-0.05483935027145696
-0.055128232017958335
-0.053906577423002595
-0.05124213915069576
-0.05316106911060216
-0.051682507850321066
-0.017431966365025905
-0.012258775851690808
-0.013081514462886024
-0.04898381238249729
-0.05086593086353978
-0.04921904936815499
-0.03155184601747128
-0.038607155011848984
-0.036137534905269025
-0.016659768181659904
-0.015025559376838133
-0.015384611314115082
-0.015416480587845798
-0.01838814754562082
-0.019894120656292508
-0.04721539458819477
-0.048782576071226616
-0.047106522494032285
-0.04508623358586562
-0.04728135750423613
-0.04563130049666808
-0.027571595184617697
-0.03407422194382195
-0.031980894554204026
-0.04350843814334302
-0.04490445672280125
-0.043459621557946485
-0.0379503504329649
-0.03846414573613343
-0.03819508430608867
-0.03148965611751636
-0.03488994342849909
-0.03346855941333889
-0.06944068921965629
-0.06685649504831
-0.07224296699117218
-0.08429692422756405
-0.08238291045727474
-0.08034214832054778
-0.06328957177682724
-0.0620450490697096
-0.06555466207169644
-0.0802743212666509
-0.07941432315702009
-0.07821539138517418
-0.05862522531033486
-0.0577723894959651
-0.05972743261609275
-0.07687230100975904
-0.07673924168352576
-0.07603621813646269
-0.05396049507882047
-0.05355662857376337
-0.052893074100438114
-0.07374501009194989
-0.07409739310692227
-0.07299131814451794
-0.04883763750039219
-0.04778255237518597
-0.046891323590586564
-0.07026341336504786
-0.07055324102256812
-0.07009728597418075
-0.021425775864655647
-0.022770688647382145
-0.023205962383594077
-0.022718747601426354
-0.02471838355158091
-0.025231332308427182
-0.06668977367294877
-0.06743358843822045
-0.06642307072098459
-0.0197845150131294
-0.020540764533158937
-0.020098244044079804
-0.01824707569942415
-0.01896685218756073
-0.016308785520369892
-0.024617593728694015
-0.02588692521775481
-0.026527906654683242
-0.06367691591359376
-0.06436508283523747
-0.06283837969069257
-0.016984749489823696
-0.017369274087310545
-0.012660729313477715
-0.014856235007907928
-0.015526415408964756
-0.008099181329375609
-0.013384241948895063
-0.01355326348567516
-0.006286724874822599
-0.012056412200094449
-0.011810688136839225
-0.00422427185849675
-0.011055867360403305
-0.010660752744260685
-0.004906648950627562
-0.010220821799235023
-0.009955985047862171
-0.0062018252883955915
-0.00900971886869493
-0.009024730308370458
-0.0076968770504849526
-0.008006409646089964
-0.007966337273773062
-0.00793887801953049
-0.00717582199228518
-0.006809222217379533
-0.008418428390271836
-0.015890818982713672
-0.01489062437169636
-0.013617598249056473
-0.027143601381223025
-0.02681146493956452
-0.024830221458384164
-0.012504244013168185
-0.012369700778468183
-0.018887028674559325
-0.01650813581533178
-0.014856257294135746
-0.004667664009899189
-0.022927086081537672
-0.021563378175449194
-0.01927572858905348
-0.024984088025982953
-0.024206355674029206
-0.021696261332485884
-0.011956732429047524
-0.010502807774175015
-0.00874203300739125
-0.02045771293799318
-0.01938549978155468
-0.01655289037511847
-0.012734669913452144
-0.011370547885752452
-0.0029640690899839445
-0.018778868172997898
-0.01773973474491449
-0.013945303832757626
-0.009870952803504451
-0.00956710008534013
-0.014321859200673463
-0.009367292730571316
-0.007897596071961659
-0.005343609754639575
-0.01598105430362848
-0.014572061322045762
-0.009970436132987875
-0.01730859713955428
-0.015979926602906955
-0.011342085711285496
-0.010397693133496403
-0.00825446494476659
-0.0007505889086364928
-0.014847544870771577
-0.012796221691098649
-0.008375938819774786
-0.007949150167716497
-0.007138024239076693
-0.010536852969277147
-0.013555364565380984
-0.011429491615670574
-0.006378036007209451
-0.008546789554672009
-0.00720917830733781
0.00047022318466469535
-0.004928079495414318
-0.003632664269839625
0.004182241984097497
-0.006032432878410176
-0.005156781294529446
0.0034123246811900176
-0.00707675388791173
-0.0059573248412844795
-0.00171969531601014
-0.012324778397546806
-0.010337914231070285
-0.005370530886789002
-0.02124458953295041
-0.023036273129135563
-0.03576115866154316
-0.011577345971678017
-0.013732272107008347
-0.02324234828865563
-0.016322868190975892
-0.018197066940902184
-0.02913693048951986
-0.05654107035518667
-0.057353626169827254
-0.05825552015495482
-0.05743430157612115
-0.05882984750650997
-0.05802304320120346
-0.06154531946883319
-0.06255582794665437
-0.06138374452924521
-0.0630872457672389
-0.06427436981497943
-0.06327502957066608
-0.055303429609918915
-0.05591127641031415
-0.05732072077848785
-0.06018426979914714
-0.06098012455842524
-0.05963218546028124
-0.05142343120158782
-0.05230849419818083
-0.05388968696973178
-0.05354984202953836
-0.054438864185472724
-0.056757994336691805
-0.057699502199651
-0.057966845860598706
-0.058292280943755284
-0.05886380416644218
-0.05940171577252736
-0.058933994376981366
-0.04656988032427112
-0.04812776401962364
-0.0504309633854255
-0.04960938248378116
-0.05041230292184174
-0.053053538029643216
-0.05490510064419901
-0.05499643869180668
-0.057042601677426516
-0.05664708170015627
-0.05656715305639467
-0.05768151305615687
-0.04337627762005518
-0.04585705189815456
-0.04854948614325428
-0.05338878110826239
-0.05368401465465635
-0.0558080958373587
-0.04056902126894276
-0.042927249579879034
-0.04587251537147979
-0.05218874086638706
-0.05218731692586167
-0.05398999480523401
-0.03705060465023341
-0.03931645154553678
-0.04140112676776445
-0.050640014038004014
-0.05062992240277069
-0.05146299766336441
-0.032821475189652206
-0.034754381325348985
-0.03807991322583099
-0.04892647631108116
-0.04871569717041755
-0.04916489741843646
-0.028704364004007315
-0.029709898193810313
-0.033518747191257275
-0.047129528804226745
-0.0470105574677546
-0.0459321992878521
-0.018425164800219322
-0.0173006592739443
-0.012413452096594859
-0.016105001121428826
-0.0139613158450685
-0.011084984192605481
-0.013589409387770526
-0.011313470857233894
-0.010061870895599895
-0.011619719597444235
-0.00926006734598261
-0.008117479433754191
-0.010012503488207158
-0.007826962756501816
-0.007258609694104374
-0.008335220319927877
-0.00686867467218306
-0.006611638292001025
-0.025210975779609016
-0.02652728075708951
-0.026538752500809493
-0.060392490633254636
-0.061026589138489476
-0.059771707357400394
-0.005693996871538879
-0.006078100818252044
-0.0074398747571194
-0.015936842958725335
-0.010830234778979318
-0.011478727003742514
-0.013585533545442317
-0.012206392992919481
-0.012433946393162029
-0.012486238962746745
-0.014518477592822402
-0.016338088309165878
-0.04152879909830526
-0.04283361461373731
-0.040847555631074145
-0.04032165844371421
-0.04071516358619987
-0.03905080627649657
-0.02430571940180908
-0.030402159003685328
-0.0274860700150576
-0.038845556980723304
-0.039384098372882065
-0.036919846431619864
-0.028410286289015107
-0.03225579812739802
-0.030246689182553053
-0.04397102607152233
-0.04271520488663952
-0.04119173841255731
-0.02502727000939067
-0.0258632825902667
-0.026793780949289126
-0.05773699029123273
-0.05781069205553256
-0.056770034143679926
-0.010222418201944708
-0.011742772855814827
-0.014145056703300608
-0.03785623924204443
-0.037100157449700064
-0.03540873776702165
-0.039059322184899686
-0.03847815761748267
-0.03631047303600932
-0.024456609634023335
-0.025767845249376874
-0.026605718358581613
-0.0555178129622812
-0.054960634687775886
-0.053944748894632515
-0.023883194852671014
-0.024646935305413516
-0.02510776528391225
-0.05314999742129988
-0.052386813772701254
-0.05049755691202164
-0.023640339617539887
-0.02410440570257043
-0.025223910505611576
-0.05084265779118507
-0.050437623881615726
-0.04836027134259858
-0.014539837578914246
-0.008981939369196742
-0.009433776416562267
-0.010668874712197619
-0.009745145173278178
-0.010198824745699872
-0.03662864993092338
-0.0361049635012176
-0.034327625068258705
-0.012506562114382197
-0.007665034340010335
-0.007965648994181397
-0.00793196607357266
-0.009565749777953141
-0.011655837368301685
-0.03463366752471926
-0.033405780368679576
-0.032143562207078695
-0.030775894737830937
-0.03151162502562126
-0.03007751450920491
-0.022127105410337036
-0.025740746028669256
-0.024177913212897306
-0.008368189226082713
-0.007057619922066662
-0.007972412507306695
-0.029743086518371868
-0.029788308466959366
-0.02846191445336966
-0.026736124898271905
-0.02850877059328042
-0.02661685988333456
-0.025959775218725743
-0.02635981832793944
-0.024128800322558847
-0.03518151485364558
-0.03449930838139997
-0.03323295485659092
-0.02214855351571352
-0.02461267691545364
-0.02502609779278957
-0.04859767705557588
-0.04840009516365018
-0.045424309583165956
-0.0247438196188321
-0.025202755101130757
-0.024910078460581565
-0.046847597123304566
-0.04611643704673075
-0.04272343338734673
-0.023553732866477436
-0.025469839584639144
-0.02585025897943995
-0.04458977942247556
-0.0439623886206988
-0.04070786257062733
-0.023912113349394443
-0.026303924166858082
-0.026462927150575837
-0.042314475531147706
-0.04198880011970041
-0.038607794142433316
-0.027642340098039703
-0.03169712695940173
-0.030394771949058024
-0.04082941472248625
-0.04023200959037673
-0.036972704020755746
-0.007011660595356177
-0.006154850134552951
-0.005710040145098059
-0.006095861274583737
-0.0055454549914601935
-0.005129179639361705
-0.008193579539917487
-0.006308551686878707
0.0003816461483862582
-0.01131441229931517
-0.009098523937030117
-0.0030477300114458744
-0.006044198259545756
-0.0063691868591620356
-0.010981234742773703
-0.008475952210651188
-0.009350098379893463
-0.017028597322586627
-0.02406596170505382
-0.024481217301961445
-0.0289377832221653
-0.04447511044858434
-0.04418638901817459
-0.04257483634607294
-0.019954848919160304
-0.020946524026281475
-0.023894010780026294
-0.04195846437147924
-0.04227810253389585
-0.03959947214230445
-0.024129076806211618
-0.023201947332443768
-0.018174518982065985
-0.03991597618497795
-0.03917161416203873
-0.03669007811677119
-0.024877695500298943
-0.023716024408935013
-0.020098288612350856
-0.022003615452318916
-0.021331578507614378
-0.015705461362278236
-0.037186874698821586
-0.03685336350927265
-0.03401506796040239
-0.020409148743530482
-0.01970517171621316
-0.013637053123907719
-0.025079056242225308
-0.02449498470387046
-0.021626018216840057
-0.034082183139049295
-0.034472417859778365
-0.03131546238563789
-0.03270972028184205
-0.031947409465265905
-0.029976253194390803
-0.029801403199977712
-0.032624167709841626
-0.03276077915270833
-0.039184045796213665
-0.03850564469357629
-0.035083700671635985
-0.032147887038359114
-0.034732647710072055
-0.03346141554624106
-0.037678822866638505
-0.03682612944604069
-0.03295365271396811
-0.005006449143907893
-0.004770157231585608
-0.0040781768082937125
-0.003877509426218062
-0.004238538946608129
-0.0030072222569861484
-0.003066878773644812
-0.003480151941102095
-0.0023740637599682507
-0.004365691403621709
-0.004776957972146857
-0.006871878294036964
-0.0038776030719610845
-0.0036540957673082417
-0.0051037839481714396
-0.006326511684703527
-0.005349232092604344
-0.00851778948699331
-0.010156898586786653
-0.008170853872807606
-0.0017277896873913526
-0.005564206711727785
-0.004368842738783895
0.001361695069584034
-0.009018590343307212
-0.007199966398463951
-0.000951460216922915
-0.006052239823149125
-0.004718746189279427
0.0010368042679805734
-0.007989610163150812
-0.006440796025004458
0.0002826436536584377
-0.0035210139435046025
-0.0025615644272292217
0.00680643933698853
-0.003318375709055979
-0.0026604226749999244
-0.005134298699854079
-0.004185258124032131
-0.0040212737267379135
-0.0060229796425836715
-0.0036344588492223935
-0.002898640333265507
0.004052917408213766
-0.005534255843365145
-0.00457689627802096
0.0012586294358010153
-0.006817595869845905
-0.005348849167906732
0.0011283462619768813
-0.003821671711400976
-0.0028604335025167863
0.0016719212369506688
-0.004825002474411112
-0.003690742704019725
0.0023676788121434426
-0.002535120795167337
-0.0023695327761719125
-0.004076419373531887
-0.003866078943375078
-0.002727688272342744
0.0035315520971643103
-0.0013309581482077418
-0.00035815549617083134
0.007607971470696194
-0.002498684949971525
-0.001242679728859247
0.007062832996198182
-0.002263021980422391
-0.0014431326131240855
0.007110764049661889
-0.003205951104791949
-0.0019148496291588255
0.0051630932345157025
-0.0031208327593976767
-0.002789972250151409
-0.003429376159832143
-0.004449851737275169
-0.004541756746332059
-0.007625349911138279
-0.012309179198522601
-0.013137339100337707
-0.013916779348051567
-0.015786899378766327
-0.015969666829594997
-0.01851555913470523
-0.007516744608529876
-0.007960087410244268
-0.006867310391862174
-0.009003126896823978
-0.009977433155907947
-0.009689444168797797
-0.032522689487506376
-0.03217658520114637
-0.02857746824342664
-0.024468735334656582
-0.02368790591441951
-0.022921241940395527
-0.00555878552697047
-0.005842739749616107
-0.0037727484522081965
-0.02860402443998057
-0.02779363994965232
-0.02386022101408572
-0.030341255256605495
-0.029816352379145688
-0.025933505090590822
-0.023248559086854647
-0.022888264387181927
-0.02197827329480915
-0.023979473739405465
-0.022974637440577126
-0.02218568313383525
-0.02478246972963501
-0.023973612629529586
-0.022160756638382576
-0.02519438700262428
-0.024608431101967827
-0.02049481016573393
-0.026715632240501563
-0.025995006923352985
-0.021708725564012207
-0.022145477052864404
-0.02183789256505052
-0.02068580844619764
-0.022693451819791034
-0.022360851769832598
-0.021603873175297213
-0.022697331228483993
-0.02219264165078578
-0.019406370765104382
-0.02385406558024791
-0.023294021341341856
-0.019911815219529984
-0.020636751719835884
-0.02062277990595058
-0.018636807221990785
-0.021654827794928357
-0.02124724602026056
-0.02034001708556717
-0.025005944878976494
-0.02421649779090212
-0.021710157851564427
-0.02092248268674531
-0.020840679214566674
-0.01937650958315466
-0.0218177419775167
-0.021332220248007273
-0.019267571388109958
-0.019687791513377642
-0.019768535854092648
-0.01853111762667359
-0.02023093231784522
-0.02010076242001601
-0.019727234472031976
-0.017771488654830622
-0.017982821235335462
-0.017342654703638598
-0.01881729890284386
-0.0187573595185287
-0.01822916950415381
-0.0191402382745215
-0.018892202748964013
-0.018696374315332817
-0.019813071157615502
-0.01940946245149722
-0.019430024477721464
-0.016380380368118494
-0.016795046217049796
-0.016658348905263548
-0.018277410003799507
-0.018175160689668533
-0.018030755839276845
-0.012950194539782495
-0.013482513027728984
-0.013194114528820227
-0.01494771865891252
-0.01531484670720825
-0.014876615188244643
-0.015800506451397606
-0.0161797841397289
-0.015198877521802552
-0.017360462972519638
-0.01717626195983395
-0.016574164426141836
-0.011041134436531727
-0.0052149051166341075
-0.006706455616837035
-0.027858186145883278
-0.027826986003821465
-0.02698184566587036
-0.00629231445792835
-0.005158481857630565
-0.006315142941129639
-0.0055175551244920455
-0.00732080834575274
-0.009774108677503017
-0.02735157276879847
-0.026661014631897264
-0.024888132143930167
-0.02577506038264767
-0.025675388667697828
-0.023817622003188654
-0.009134941575577022
-0.004034383364044323
-0.005262985593139931
-0.0034267112390843854
-0.005089855678067676
-0.007555468892245434
-0.024560922168520263
-0.023296768031130774
-0.022456585776952715
-0.02228142831651976
-0.021585968387418854
-0.019989138839908605
-0.016817051709351532
-0.022612080887187344
-0.02027539004903333
-0.01542598059294324
-0.019262384667086446
-0.017193600183812784
-0.00372304672504603
-0.003861623701084231
-0.004998154423776762
-0.020190599815279275
-0.017995854302535433
-0.017047240875928026
-0.009249487314019578
-0.012696150082468396
-0.009076380552771756
-0.01632292234605838
-0.015950442467229643
-0.013485333255007798
-0.021374897292289134
-0.022730688544892692
-0.02048950194606297
-0.019482745924719314
-0.020516906810067258
-0.017502479062059016
-0.03106120332825788
-0.029192789438399046
-0.027339030536050895
-0.029266802568628895
-0.027739878467287808
-0.025389791628109424
-0.0272023181736452
-0.026333218179045326
-0.02313636083698706
-0.032863914817293255
-0.03354740381023454
-0.02856308399573954
-0.03343542974526618
-0.033823700181704
-0.02769651296071474
-0.024688367319767174
-0.021320102965394234
-0.020045961584456488
-0.011318008832298993
-0.011384471426752522
-0.008951251003234996
-0.02551064086975419
-0.022310052022514903
-0.02058174460352341
-0.01232285354671484
-0.012591144227515023
-0.0105464370399243
-0.0010048447144158478
-0.0012066728007624986
-0.001595186036689307
-0.0008222735499870139
-0.00098994905712067
-0.0005357830190669219
-0.0005715149279729193
-0.00027629637146945463
0.0008665710350248036
-0.002532111431720039
-0.0026545500583180074
-0.0018226102096304015
-0.0018402419619133218
-0.0019819188418695867
-0.0013731064849212334
-0.0011846975002373715
-0.0015699663456887002
-0.000865469273344657
-0.0007401511597857795
-0.0010321933020680846
-0.0006083222141380798
-0.007073435032038809
-0.0032542923847612417
-0.004408952702236034
-0.0014861520600063533
-0.0035703030404056744
-0.005720156387017971
-0.01489439133823272
-0.012799962186153525
-0.012274136148115088
-0.0048438205970866574
-0.0016933339531822692
-0.0027802120396641684
-0.002070239524685499
-0.0024082784682734697
-0.0034322897095117135
-0.013457831413763015
-0.011292903899910691
-0.011518031383580025
-0.01012745877570772
-0.009723397017763383
-0.010114319817451155
-0.005283638178621066
-0.008030063064581112
-0.007334107777786986
-7.410697562595432e-06
-0.0018849016209705985
-0.004062384057125291
-0.009148505371630686
-0.007979013214432744
-0.006825941699626838
-0.016467553090233247
-0.014134230601451199
-0.012049086452151261
-0.02644912353986238
-0.023787418248196555
-0.020398211790376403
-0.00232943541029972
-0.0018979540881708082
-0.004005213242274222
-0.0018970296356810212
-0.0013801144726187456
-0.0013724069340132592
-0.0007979710883083007
-0.0008476572500848337
-0.0002564198752397596
-0.00035906795482941375
-0.0008863145607765979
-0.002170044561995488
-0.005767142602381807
-0.006483997481424729
-0.004508525413024063
-0.0024185966911720873
-0.0006177698727295013
-0.0017887031394580356
-0.005201558256473244
-0.004239930286180205
-0.0032147201549814946
0.0011861766630487632
-0.000908143100487555
-0.002586665986036056
-0.004041087202651551
-0.0029785487524430143
-0.002678765825427117
-0.002782961565301165
-0.0036221604134507026
-0.0014260170155234579
0.0005398970725796108
-0.0004201077797710047
-0.001080199907987183
-0.003053799314419567
-0.0006526059801420748
-0.0019056953568888577
0.0013184800793897952
-0.00025312299471985205
-0.0006618224159549708
0.00022777465945541706
-0.0003210050604093986
-0.0014241880268902338
-0.011387591889077522
-0.008884625431637226
-0.008085741674068309
-0.005408074647552398
-0.00559768292064813
-0.0023384808510285766
-0.022103777504472486
-0.02091368194560002
-0.017813354926765154
-0.02103604655599812
-0.01849254903605968
-0.014857603591187396
-0.018240180742684176
-0.015644030416531843
-0.012227496020272732
-0.0003036719625790639
-0.0001421935434397227
0.000507762832272964
-0.00040543985932355383
-0.00012131472508950073
0.0004406361235738991
0.0
-6.597464247500788e-05
-0.00020524839088105623
-0.001870597106425347
-0.0012260041526206192
0.0035627205168447143
-0.0021781100994212876
-0.0014186985080896673
0.005464897284848964
-0.0011266497424998955
-0.0009176071226783604
-0.00013048250471069873
-0.0019135660613489684
-0.0008782956345890724
0.0061714620364632005
-0.00119888106853843
-0.0003710684532649831
0.008381575736503334
-0.0013948745360282916
-0.0006319068124688886
0.005734445387407906
-0.0007869163188490731
3.9311488089287944e-05
0.006301944541173908
-0.001937370340001688
-0.0017220498357250302
-0.000754160614322143
-0.0041352891053239565
-0.0041057340352328026
-0.0009389790736901322
-0.011477468581433269
-0.011362146712170233
-0.011454129474535913
-0.014688736505414985
-0.014600368056811142
-0.013421926812565058
-0.003559651072808764
-0.003639245504869225
-0.0023259013470156567
-0.013719264950390999
-0.013774255301001667
-0.0119442821770709
-0.00321126792398171
-0.0032382213446409116
-0.001967797338029152
-0.0037973176296751685
-0.0036416942565928273
-0.0022208887505785475
-0.012490784154243524
-0.012167450921739058
-0.010491362957510839
-0.00285031191161511
-0.002697271111999927
-0.002004762992982325
-0.0024127443136071213
-0.0018614152526257011
-0.0016975492378971985
-0.0013687496196908761
-0.0009093815136285524
-0.0013537196116942228
-0.0009957722547716465
-0.0006521029329685188
-0.001200854973567641
-0.0005431408044675773
-0.0003322265659233634
-0.0011961168453583778
-0.0002857309669094272
-0.00021789930861608708
-0.0007397023611638669
-0.0006145363347511978
-0.0008520822928193362
-0.0002061739273904408
-0.01015961387758223
-0.01013500979613245
-0.009618380830055255
-0.008693466524568354
-0.008525756665146227
-0.008270474206932308
-0.007299596263538609
-0.007305152269684162
-0.006223825240702512
-0.011348156949692208
-0.010907792619745447
-0.008814280388414945
-0.0014153963061477519
-0.0013511259401112852
-0.004233109232517415
-0.0009032049886128216
-0.00044440874408931347
-0.003433750836451718
-0.000679518048072168
-0.0001015313386754498
0.00597265733320825
-0.0008597277715516209
-0.00021442800963316185
0.006699242998546531
-0.00028444796925635265
-0.00011248377322178627
0.003024983983540817
-0.0005758800317797736
6.680902803395926e-05
0.008805894224295275
-0.0002914320625234209
0.00017929280125574557
0.005780910240754476
-0.001003330763010134
-0.0008303092015029378
0.0006957575751927755
-0.0019296488005790906
-0.0017201667147858847
0.0014834631290752609
-0.0027361585010960763
-0.0030203694827758546
0.00047695756982311
-0.006079465648533103
-0.006002108429264683
-0.0046399760312647665
-0.009941770719046977
-0.009530172673029231
-0.007204581937236434
-0.0037460977034364023
-0.0038305049443339992
-0.0026265070540886165
-0.004727358254749968
-0.00506895241002986
-0.0034942919021332106
-0.0066199848135524205
-0.00696532242605199
-0.004946265263347399
-0.008228236882230571
-0.008359138221908011
-0.005926787070498838
-0.001876052513697497
-0.001984499089643193
-0.0008589230991587816
-0.0027864960844427196
-0.002714383040657239
-0.0015185648837043836
-0.0038808128184191484
-0.004419658696734995
-0.0026755939230270844
-0.0054829680595332685
-0.005516600077988598
-0.0038212534616546587
-0.0013404291736558657
-0.0016043850709141088
-0.000894416249312202
-0.0017732296654332698
-0.0020571339347326616
-0.001440655042022017
-0.002004760304721651
-0.002435159607091802
-0.0018166708238683007
-0.002018564075906024
-0.002263188177668364
-0.0009178412713419439
-0.0031784411230729296
-0.0033131791577700334
-0.0018732062338241001
-0.0004539694571974584
-0.0005052429344619732
-0.00031095164121709387
-0.0008825397554842767
-0.0011471381769697804
-0.0005929567945300235
-0.0005876222530397089
-0.0005901386467715474
-0.00022245873285473423
-0.0011919127140628033
-0.0014071955299438212
-0.0006093963319165829
-0.0026964719750905454
-0.00280221703733136
-0.002302688577950275
0.0
0.0
0.0
0.0
0.0
0.0
0.0
0.0
0.0
0.0
0.0
0.0
-0.00019599346748986176
-0.00026083835920390577
-0.00264713034909543
-0.0005137936767307454
0.00016954443042591763
0.010215203103860862
-0.0005137936767307454
0.00016954443042591763
0.009276213177116894
-0.00030751299299594054
-0.00019269435546904828
0.0019021767680042479
-0.0002755932078358336
0.00018464221015272798
0.008154358924392202
-0.0003016318288547466
0.00018464221015272798
0.009236424042976612
-0.00016580249300648584
6.571341633186219e-05
0.005839187943684911
-0.0002755932078358336
0.00011822284887930827
0.00936021496649543
-0.00010979071482934779
5.250943254744609e-05
0.0035210270228105177
-0.004048560686153598
-0.003602640350061281
-0.002590455147712431
-0.0038623050705138733
-0.003528064243764547
-0.002564605905971669
-0.00012319004683161057
-5.7665955801289214e-05
-0.0004136343238483317
-0.003500878627480602
-0.0032901858118781504
-0.0024324951683656333
-0.002873887110116015
-0.003134817481717992
-0.002319758209258788
-0.00022116465377984085
-0.0007607511572478364
-0.00018129608028047013
-0.0011249482212797098
-0.0009331695715092494
0.0016920579557672764
-0.0001802097234794527
-0.00011289667095771208
0.0007265856653382765
-0.0014052114576396605
-0.0012560452230373723
-0.0004325511918020809
-0.00016218143906907942
-4.084553631051104e-05
8.262902841525597e-05
-0.00016473355607840896
0.0001343992956124961
0.008095803836285295
-0.00016473355607840896
0.0001343992956124961
0.008095803836285295
-0.00013459087198494315
6.912656604211627e-05
0.006688508754390908
-0.00013459087198494315
6.912656604211627e-05
0.006688508754390908
-0.00048440068799499746
-0.0003271300046441737
0.001438821260104656
0.0
0.0
0.0
0.0
0.0
0.0
-0.000678134902250159
-0.0006588031067542551
-2.342502202974312e-05
-0.0003093729585785267
-0.0002600573529740413
-1.6439537386559263e-05
-0.0035936963869991775
-0.00023249820037107017
-0.0008254954489016746
-0.013187074624446533
-0.008468907988500012
-0.006372683680816641
-3.812801646295476e-05
4.11433679218959e-05
0.004079457419129645
-2.307783887519968e-05
3.0142650565419515e-05
0.005581368691487764
1.505017758775509e-05
-1.1000717356476387e-05
0.001501911272358121
-3.972413575673723e-05
-2.7308271945424245e-05
0.0014860800213055425
-0.00013365279584225034
-8.48957123095742e-05
8.849290836235966e-05
-0.0010907054199343778
-6.78820656895466e-05
-0.0007623656109352625
0.0013561332675361966
-0.00017277729299011588
-0.000781093938447041
0.0013561332675361966
-0.00017277729299011588
-0.000781093938447041
-2.6038621018913056e-05
0.0
0.0010820651185844128
0.0
0.0
0.0
0.0
0.0
0.0
0.0009810270245533682
-0.00013801383446245354
-0.0003103721561588545
0.0011665361886412566
-0.00013801383446245354
-0.0006939397575186793
-0.00037406223106092195
0.0
0.0
0.0009172448747278266
-7.013176877290697e-05
-0.00038634352709579316
0.0006954027946007177
-1.93258395413876e-05
-0.00010845915446828603
0.00090441646662221
-4.8078270563069124e-05
-0.0002458214530362922
0.00090441646662221
-4.8078270563069124e-05
-0.0002458214530362922
0.0007712319035969595
-1.93258395413876e-05
-0.00015653048526658646
0.0012913071057887484
-7.013176877290697e-05
-0.00038634352709579316
0.0004401528675101045
-1.93258395413876e-05
-0.00010845915446828603
0.0005148930535110839
-1.93258395413876e-05
-0.00010845915446828603
0.00018550916408788945
0.0
-0.00038356760135982475
-0.008977202736912384
-0.00576016225864517
-0.0027635576425015483
-0.0052272638657003215
-0.0019512881925289097
0.0
0.0
0.0
-0.0009389899267439551
0.0
0.0
0.0
1.7947088558043944e-05
3.775773387437891e-05
0.002644986363267743
1.7947088558043944e-05
3.775773387437891e-05
0.002644986363267743
7.694941785547905e-06
0.0
0.0006015283393887786
7.694941785547905e-06
0.0
0.0006015283393887786
0.00017190231224998396
-1.6696571057503284e-05
-2.861802341225417e-05
0.00017190231224998396
-1.6696571057503284e-05
-2.861802341225417e-05
-6.745348762459482e-05
-2.7619081091085287e-05
-0.00015938357901136533
-0.0001638919371557233
-0.00033394933481697254
0.0
7.582910899624178e-05
0.0
-4.8071330798300415e-05
7.474018600097931e-05
0.0
0.0
0.0
-0.00011911745942654975
-9.209983939106153e-05
-3.566553917716729e-05
0.0
0.0
3.119203089576761e-05
0.0
0.0
3.119203089576761e-05
0.0
0.0
-1.617911519053692e-05
0.0
0.0
0.0
0.0
0.0
0.0
0.0
0.0
0.0
0.0
0.0
0.0
0.0
0.0
0.0
0.0
0.0
0.0
0.0
0.0
0.0
0.0
0.0
0.0
0.0
0.0
0.0
0.0
0.0
0.0
0.0
0.0
0.0
0.0
0.0
0.0
0.0
0.0
0.0
0.0
0.0
0.0
0.0
0.0
0.0
0.0
0.0
0.0
0.0
0.0
0.0
0.0
0.0
0.0
0.0
0.0
0.0
0.0
0.0
0.0
0.0
0.0
0.0
0.0
0.0
0.0
0.0
0.0
0.0
0.0
0.0
0.0
0.0
0.0
0.0
0.0
0.0
0.0
0.0
0.0
0.0
0.0
0.0
0.0
0.0
0.0
0.0
0.0
0.0
0.0
0.0
0.0
0.0
0.0
0.0
0.0
0.0
0.0
0.0
0.0
0.0
0.0
0.0
0.0
0.0
0.0
0.0
0.0
0.0
0.0
0.0
0.0
0.0
0.0
0.0
0.0
0.0
0.0
0.0
0.0
0.0
0.0
0.0
0.0
0.0
0.0
0.0
0.0
0.0
0.0
0.0
0.0
0.0
0.0
0.0
0.0
0.0
0.0
0.0
0.0
0.0
0.0
0.0
0.0
0.0
0.0
0.0
0.0
0.0
0.0
0.0
0.0
0.0
0.0
0.0
0.0
0.0
0.0
0.0
0.0
0.0
0.0
0.0
0.0
0.0
0.0
0.0
0.0
0.0
0.0
0.0
0.0
0.0
0.0
0.0
0.0
0.0
0.0
0.0
0.0
0.0
0.0
0.0
0.0
0.0
0.0
0.0
0.0
0.0
0.0
0.0
0.0
0.0
0.0
0.0
0.0
0.0
0.0
0.0
0.0
0.0
0.0
0.0
0.0
0.0
0.0
0.0
0.0
0.0
0.0
0.0
0.0
0.0
0.0
0.0
0.0
0.0
0.0
0.0
0.0
0.0
0.0
0.0
0.0
0.0
0.0
0.0
0.0
0.0
0.0
0.0
0.0
0.0
0.0
0.0
0.0
0.0
0.0
0.0
0.0
0.0
0.0
0.0
0.0
0.0
0.0
0.0
0.0
0.0
0.0
0.0
0.0
0.0
0.0
0.0
0.0
0.0
0.0
0.0
0.0
0.0
0.0
0.0
0.0
0.0
0.0
0.0
0.0
0.0
0.0
0.0
0.0
0.0
0.0
0.0
0.0
0.0
0.0
0.0
0.0
0.0
0.0
0.0
0.0
0.0
0.0
0.0
0.0
0.0
0.0
0.0
0.0
0.0
0.0
0.0
0.0
0.0
0.0
0.0
0.0
0.0
0.0
0.0
0.0
0.0
0.0
0.0
0.0
0.0
0.0
0.0
0.0
0.0
0.0
0.0
0.0
0.0
0.0
0.0
0.0
0.0
0.0
0.0
0.0
0.0
0.0
0.0
0.0
0.0
0.0
0.0
0.0
0.0
0.0
0.0
0.0
0.0
0.0
0.0
0.0
0.0
0.0
0.0
0.0
0.0
0.0
0.0
0.0
0.0
0.0
0.0
0.0
0.0
0.0
0.0
0.0
0.0
0.0
0.0
0.0
0.0
0.0
0.0
0.0
0.0
0.0
0.0
0.0
0.0
0.0
0.0
0.0
0.0
0.0
0.0
0.0
0.0
0.0
0.0
0.0
0.0
0.0
0.0
0.0
0.0
0.0
0.0
0.0
0.0
0.0
0.0
0.0
0.0
0.0
0.0
0.0
0.0
0.0
0.0
0.0
0.0
0.0
0.0
0.0
0.0
0.0
0.0
0.0
0.0
0.0
0.0
0.0
0.0
0.0
0.0
0.0
0.0
0.0
0.0
0.0
0.0
0.0
0.0
0.0
0.0
0.0
0.0
0.0
0.0
0.0
0.0
0.0
0.0
0.0
0.0
0.0
0.0
0.0
0.0
0.0
0.0
0.0
0.0
0.0
0.0
0.0
0.0
0.0
0.0
0.0
0.0
0.0
0.0
0.0
0.0
0.0
0.0
0.0
0.0
0.0
0.0
0.0
0.0
0.0
0.0
0.0
0.0
0.0
0.0
0.0
0.0
0.0
0.0
0.0
0.0
0.0
0.0
0.0
0.0
0.0
0.0
0.0
0.0
0.0
0.0
0.0
0.0
0.0
0.0
0.0
0.0
0.0
0.0
0.0
0.0
0.0
0.0
0.0
0.0
0.0
0.0
0.0
0.0
0.0
0.0
0.0
0.0
0.0
0.0
0.0
0.0
0.0
0.0
0.0
0.0
0.0
0.0
0.0
0.0
0.0
0.0
0.0
0.0
0.0
0.0
0.0
0.0
0.0
0.0
0.0
0.0
0.0
0.0
0.0
0.0
0.0
0.0
0.0
0.0
0.0
0.0
0.0
0.0
0.0
0.0
0.0
0.0
0.0
0.0
0.0
0.0
0.0
0.0
0.0
0.0
0.0
0.0
0.0
0.0
0.0
0.0
0.0
0.0
0.0
0.0
0.0
0.0
0.0
0.0
0.0
0.0
0.0
0.0
0.0
0.0
0.0
0.0
0.0
0.0
0.0
0.0
0.0
0.0
0.0
0.0
0.0
0.0
0.0
0.0
0.0
0.0
0.0
0.0
0.0
0.0
0.0
0.0
0.0
0.0
0.0
0.0
0.0
0.0
0.0
0.0
0.0
0.0
0.0
0.0
0.0
0.0
0.0
0.0
0.0
0.0
0.0
0.0
0.0
0.0
0.0
0.0
0.0
0.0
0.0
0.0
0.0
0.0
0.0
0.0
0.0
0.0
0.0
0.0
0.0
0.0
0.0
0.0
0.0
0.0
0.0
0.0
0.0
0.0
0.0
0.0
0.0
0.0
0.0
0.0
0.0
0.0
0.0
0.0
0.0
0.0
0.0
0.0
0.0
0.0
0.0
0.0
0.0
0.0
0.0
0.0
0.0
0.0
0.0
0.0
0.0
0.0
0.0
0.0
0.0
0.0
0.0
0.0
0.0
0.0
0.0
0.0
0.0
0.0
0.0
0.0
0.0
0.0
0.0
0.0
0.0
0.0
0.0
0.0
0.0
0.0
0.0
0.0
0.0
0.0
0.0
0.0
0.0
0.0
0.0
0.0
0.0
0.0
0.0
0.0
0.0
0.0
0.0
0.0
0.0
0.0
0.0
0.0
0.0
0.0
0.0
0.0
0.0
0.0
0.0
0.0
0.0
0.0
0.0
0.0
0.0
0.0
0.0
0.0
0.0
0.0
0.0
0.0
0.0
0.0
0.0
0.0
0.0
0.0
0.0
0.0
0.0
0.0
0.0
0.0
0.0
0.0
0.0
0.0
0.0
0.0
0.0
0.0
0.0
0.0
0.0
0.0
0.0
0.0
0.0
0.0
0.0
0.0
0.0
0.0
0.0
0.0
0.0
0.0
0.0
0.0
0.0
0.0
0.0
0.0
0.0
0.0
0.0
0.0
0.0
0.0
0.0
0.0
0.0
0.0
0.0
0.0
0.0
0.0
0.0
0.0
0.0
0.0
0.0
0.0
0.0
0.0
0.0
0.0
0.0
0.0
0.0
0.0
0.0
0.0
0.0
0.0
0.0
0.0
0.0
0.0
0.0
0.0
0.0
0.0
0.0
0.0
0.0
0.0
0.0
0.0
0.0
0.0
0.0
0.0
0.0
0.0
0.0
0.0
0.0
0.0
0.0
0.0
0.0
0.0
0.0
0.0
0.0
0.0
0.0
0.0
0.0
0.0
0.0
0.0
0.0
0.0
0.0
0.0
0.0
0.0
0.0
0.0
0.0
0.0
0.0
0.0
0.0
0.0
0.0
0.0
0.0
0.0
0.0
0.0
0.0
0.0
0.0
0.0
0.0
0.0
0.0
0.0
0.0
0.0
0.0
0.0
0.0
0.0
0.0
0.0
0.0
0.0
0.0
0.0
0.0
0.0
0.0
0.0
0.0
0.0
0.0
0.0
0.0
0.0
0.0
0.0
0.0
0.0
0.0
0.0
0.0
0.0
0.0
0.0
0.0
0.0
0.0
0.0
0.0
0.0
0.0
0.0
0.0
0.0
0.0
0.0
0.0
0.0
0.0
0.0
0.0
0.0
0.0
0.0
0.0
0.0
0.0
0.0
0.0
0.0
0.0
0.0
0.0
0.0
0.0
0.0
0.0
0.0
0.0
0.0
0.0
0.0
0.0
0.0
0.0
0.0
0.0
0.0
0.0
0.0
0.0
0.0
0.0
0.0
0.0
0.0
0.0
0.0
0.0
0.0
0.0
0.0
0.0
0.0
0.0
0.0
0.0
0.0
0.0
0.0
0.0
0.0
0.0
0.0
0.0
0.0
0.0
0.0
0.0
0.0
0.0
0.0
0.0
0.0
0.0
0.0
0.0
0.0
0.0
0.0
0.0
0.0
0.0
0.0
0.0
0.0
0.0
0.0
0.0
0.0
0.0
0.0
0.0
0.0
0.0
0.0
0.0
0.0
0.0
0.0
0.0
0.0
0.0
0.0
0.0
0.0
0.0
0.0
0.0
0.0
0.0
0.0
0.0
0.0
0.0
0.0
0.0
0.0
0.0
0.0
0.0
0.0
0.0
0.0
0.0
0.0
0.0
0.0
0.0
0.0
0.0
0.0
0.0
0.0
0.0
0.0
0.0
0.0
0.0
0.0
0.0
0.0
0.0
0.0
0.0
0.0
0.0
0.0
0.0
0.0
0.0
0.0
0.0
0.0
0.0
0.0
0.0
0.0
0.0
0.0
0.0
0.0
0.0
0.0
0.0
0.0
0.0
0.0
0.0
0.0
0.0
0.0
0.0
0.0
0.0
0.0
0.0
0.0
0.0
0.0
0.0
0.0
0.0
0.0
0.0
0.0
0.0
0.0
0.0
0.0
0.0
0.0
0.0
0.0
0.0
0.0
0.0
0.0
0.0
0.0
0.0
0.0
0.0
0.0
0.0
0.0
0.0
0.0
0.0
0.0
0.0
0.0
0.0
0.0
0.0
0.0
0.0
0.0
0.0
0.0
0.0
0.0
0.0
0.0
0.0
0.0
0.0
0.0
0.0
0.0
0.0
0.0
0.0
0.0
0.0
0.0
0.0
0.0
0.0
0.0
0.0
0.0
0.0
0.0
0.0
0.0
0.0
0.0
0.0
0.0
0.0
0.0
0.0
0.0
0.0
0.0
0.0
0.0
0.0
0.0
0.0
0.0
0.0
0.0
0.0
0.0
0.0
0.0
0.0
0.0
0.0
0.0
0.0
0.0
0.0
0.0
0.0
0.0
0.0
0.0
0.0
0.0
0.0
0.0
0.0
0.0
0.0
0.0
0.0
0.0
0.0
0.0
0.0
0.0
0.0
0.0
0.0
0.0
0.0
0.0
0.0
0.0
0.0
0.0
0.0
0.0
0.0
0.0
0.0
0.0
0.0
0.0
0.0
0.0
0.0
0.0
0.0
0.0
0.0
0.0
0.0
0.0
0.0
0.0
0.0
0.0
0.0
0.0
0.0
0.0
0.0
0.0
0.0
0.0
0.0
0.0
0.0
0.0
0.0
0.0
0.0
0.0
0.0
0.0
0.0
0.0
0.0
0.0
0.0
0.0
0.0
0.0
0.0
0.0
0.0
0.0
0.0
0.0
0.0
0.0
0.0
0.0
0.0
0.0
0.0
0.0
0.0
0.0
0.0
0.0
0.0
0.0
0.0
0.0
0.0
0.0
0.0
0.0
0.0
0.0
0.0
0.0
0.0
0.0
0.0
0.0
0.0
0.0
0.0
0.0
0.0
0.0
0.0
0.0
0.0
0.0
0.0
0.0
0.0
0.0
0.0
0.0
0.0
0.0
0.0
0.0
0.0
0.0
0.0
0.0
0.0
0.0
0.0
0.0
0.0
0.0
0.0
0.0
0.0
0.0
0.0
0.0
0.0
0.0
0.0
0.0
0.0
0.0
0.0
0.0
0.0
0.0
0.0
0.0
0.0
0.0
0.0
0.0
0.0
0.0
0.0
0.0
0.0
0.0
0.0
0.0
0.0
0.0
0.0
0.0
0.0
0.0
0.0
0.0
0.0
0.0
0.0
0.0
0.0
0.0
0.0
0.0
0.0
0.0
0.0
0.0
0.0
0.0
0.0
0.0
0.0
0.0
0.0
0.0
0.0
0.0
0.0
0.0
0.0
0.0
0.0
0.0
0.0
0.0
0.0
0.0
0.0
0.0
0.0
0.0
0.0
0.0
0.0
0.0
0.0
0.0
0.0
0.0
0.0
0.0
0.0
0.0
0.0
0.0
0.0
0.0
0.0
0.0
0.0
0.0
0.0
0.0
0.0
0.0
0.0
0.0
0.0
0.0
0.0
0.0
0.0
0.0
0.0
0.0
0.0
0.0
0.0
0.0
0.0
0.0
0.0
0.0
0.0
0.0
0.0
0.0
0.0
0.0
0.0
0.0
0.0
0.0
0.0
0.0
0.0
0.0
0.0
0.0
0.0
0.0
0.0
0.0
0.0
0.0
0.0
0.0
0.0
0.0
0.0
0.0
0.0
0.0
0.0
0.0
0.0
0.0
0.0
0.0
0.0
0.0
0.0
0.0
0.0
0.0
0.0
0.0
0.0
0.0
0.0
0.0
0.0
0.0
0.0
0.0
0.0
0.0
0.0
0.0
0.0
0.0
0.0
0.0
0.0
0.0
0.0
0.0
0.0
0.0
0.0
0.0
0.0
0.0
0.0
0.0
0.0
0.0
0.0
0.0
0.0
0.0
0.0
0.0
0.0
0.0
0.0
0.0
0.0
0.0
0.0
0.0
0.0
0.0
0.0
0.0
0.0
0.0
0.0
0.0
0.0
0.0
0.0
0.0
0.0
0.0
0.0
0.0
0.0
0.0
0.0
0.0
0.0
0.0
0.0
0.0
0.0
0.0
0.0
0.0
0.0
0.0
0.0
0.0
0.0
0.0
0.0
0.0
0.0
0.0
0.0
0.0
0.0
0.0
0.0
0.0
0.0
0.0
0.0
0.0
0.0
0.0
0.0
0.0
0.0
0.0
0.0
0.0
0.0
0.0
0.0
0.0
0.0
0.0
0.0
0.0
0.0
0.0
0.0
0.0
0.0
0.0
0.0
0.0
0.0
0.0
0.0
0.0
0.0
0.0
0.0
0.0
0.0
0.0
0.0
0.0
0.0
0.0
0.0
0.0
0.0
0.0
0.0
0.0
0.0
0.0
0.0
0.0
0.0
0.0
0.0
0.0
0.0
0.0
0.0
0.0
0.0
0.0
0.0
0.0
0.0
0.0
0.0
0.0
0.0
0.0
0.0
0.0
0.0
0.0
0.0
0.0
0.0
0.0
0.0
0.0
0.0
0.0
0.0
0.0
0.0
0.0
0.0
0.0
0.0
0.0
0.0
0.0
0.0
0.0
0.0
0.0
0.0
0.0
0.0
0.0
0.0
0.0
0.0
0.0
0.0
0.0
0.0
0.0
0.0
0.0
0.0
0.0
0.0
0.0
0.0
0.0
0.0
0.0
0.0
0.0
0.0
0.0
0.0
0.0
0.0
0.0
0.0
0.0
0.0
0.0
0.0
0.0
0.0
0.0
0.0
0.0
0.0
0.0
0.0
0.0
0.0
0.0
0.0
0.0
0.0
0.0
0.0
0.0
0.0
0.0
0.0
0.0
0.0
0.0
0.0
0.0
0.0
0.0
0.0
0.0
0.0
0.0
0.0
0.0
0.0
0.0
0.0
0.0
0.0
0.0
0.0
0.0
0.0
0.0
0.0
0.0
0.0
0.0
0.0
0.0
0.0
0.0
0.0
0.0
0.0
0.0
0.0
0.0
0.0
0.0
0.0
0.0
0.0
0.0
0.0
0.0
0.0
0.0
0.0
0.0
0.0
0.0
0.0
0.0
0.0
0.0
0.0
0.0
0.0
0.0
0.0
0.0
0.0
0.0
0.0
0.0
0.0
0.0
0.0
0.0
0.0
0.0
0.0
0.0
0.0
0.0
0.0
0.0
0.0
0.0
0.0
0.0
0.0
0.0
0.0
0.0
0.0
0.0
0.0
0.0
0.0
0.0
0.0
0.0
0.0
0.0
0.0
0.0
0.0
0.0
0.0
0.0
0.0
0.0
0.0
0.0
0.0
0.0
0.0
0.0
0.0
0.0
0.0
0.0
0.0
0.0
0.0
0.0
0.0
0.0
0.0
0.0
0.0
0.0
0.0
0.0
0.0
0.0
0.0
0.0
0.0
0.0
0.0
0.0
0.0
0.0
0.0
0.0
0.0
0.0
0.0
0.0
0.0
0.0
0.0
0.0
0.0
0.0
0.0
0.0
0.0
0.0
0.0
0.0
0.0
0.0
0.0
0.0
0.0
0.0
0.0
0.0
0.0
0.0
0.0
0.0
0.0
0.0
0.0
0.0
0.0
0.0
0.0
0.0
0.0
0.0
0.0
0.0
0.0
0.0
0.0
0.0
0.0
0.0
0.0
0.0
0.0
0.0
0.0
0.0
0.0
0.0
0.0
0.0
0.0
0.0
0.0
0.0
0.0
0.0
0.0
0.0
0.0
0.0
0.0
0.0
0.0
0.0
0.0
0.0
0.0
0.0
0.0
0.0
0.0
0.0
0.0
0.0
0.0
0.0
0.0
0.0
0.0
0.0
0.0
0.0
0.0
0.0
0.0
0.0
0.0
0.0
0.0
0.0
0.0
0.0
0.0
0.0
0.0
0.0
0.0
0.0
0.0
0.0
0.0
0.0
0.0
0.0
0.0
0.0
0.0
0.0
0.0
0.0
0.0
0.0
0.0
0.0
0.0
0.0
0.0
0.0
0.0
0.0
0.0
0.0
0.0
0.0
0.0
0.0
0.0
0.0
0.0
0.0
0.0
0.0
0.0
0.0
0.0
0.0
0.0
0.0
0.0
0.0
0.0
0.0
0.0
0.0
0.0
0.0
0.0
0.0
0.0
0.0
0.0
0.0
0.0
0.0
0.0
0.0
0.0
0.0
0.0
0.0
0.0
0.0
0.0
0.0
0.0
0.0
0.0
0.0
0.0
0.0
0.0
0.0
0.0
0.0
0.0
0.0
0.0
0.0
0.0
0.0
0.0
0.0
0.0
0.0
0.0
0.0
0.0
0.0
0.0
0.0
0.0
0.0
0.0
0.0
0.0
0.0
0.0
0.0
0.0
0.0
0.0
0.0
0.0
0.0
0.0
0.0
0.0
0.0
0.0
0.0
0.0
0.0
0.0
0.0
0.0
0.0
0.0
0.0
0.0
0.0
0.0
0.0
0.0
0.0
0.0
0.0
0.0
0.0
0.0
0.0
0.0
0.0
0.0
0.0
0.0
0.0
0.0
0.0
0.0
0.0
0.0
0.0
0.0
0.0
0.0
0.0
0.0
0.0
0.0
0.0
0.0
0.0
0.0
0.0
0.0
0.0
0.0
0.0
0.0
0.0
0.0
0.0
0.0
0.0
0.0
0.0
0.0
0.0
0.0
0.0
0.0
0.0
0.0
0.0
0.0
0.0
0.0
0.0
0.0
0.0
0.0
0.0
0.0
0.0
0.0
0.0
0.0
0.0
0.0
0.0
0.0
0.0
0.0
0.0
0.0
0.0
0.0
0.0
0.0
0.0
0.0
0.0
0.0
0.0
0.0
0.0
0.0
0.0
0.0
0.0
0.0
0.0
0.0
0.0
0.0
0.0
0.0
0.0
0.0
0.0
0.0
0.0
0.0
0.0
0.0
0.0
0.0
0.0
0.0
0.0
0.0
0.0
0.0
0.0
0.0
0.0
0.0
0.0
0.0
0.0
0.0
0.0
0.0
0.0
0.0
0.0
0.0
0.0
0.0
0.0
0.0
0.0
0.0
0.0
0.0
0.0
0.0
0.0
0.0
0.0
0.0
0.0
0.0
0.0
0.0
0.0
0.0
0.0
0.0
0.0
0.0
0.0
0.0
0.0
0.0
0.0
0.0
0.0
0.0
0.0
0.0
0.0
0.0
0.0
0.0
0.0
0.0
0.0
0.0
0.0
0.0
0.0
0.0
0.0
0.0
0.0
0.0
0.0
0.0
0.0
0.0
0.0
0.0
0.0
0.0
0.0
0.0
0.0
0.0
0.0
0.0
0.0
0.0
0.0
0.0
0.0
0.0
0.0
0.0
0.0
0.0
0.0
0.0
0.0
0.0
0.0
0.0
0.0
0.0
0.0
0.0
0.0
0.0
0.0
0.0
0.0
0.0
0.0
0.0
0.0
0.0
0.0
0.0
0.0
0.0
0.0
0.0
0.0
0.0
0.0
0.0
0.0
0.0
0.0
0.0
0.0
0.0
0.0
0.0
0.0
0.0
0.0
0.0
0.0
0.0
0.0
0.0
0.0
0.0
0.0
0.0
0.0
0.0
0.0
0.0
0.0
0.0
0.0
0.0
0.0
0.0
0.0
0.0
0.0
0.0
0.0
0.0
0.0
0.0
0.0
0.0
0.0
0.0
0.0
0.0
0.0
0.0
0.0
0.0
0.0
0.0
0.0
0.0
0.0
0.0
0.0
0.0
0.0
0.0
0.0
0.0
0.0
0.0
0.0
0.0
0.0
0.0
0.0
0.0
0.0
0.0
0.0
0.0
0.0
0.0
0.0
0.0
0.0
0.0
0.0
0.0
0.0
0.0
0.0
0.0
0.0
0.0
0.0
0.0
0.0
0.0
0.0
0.0
0.0
0.0
0.0
0.0
0.0
0.0
0.0
0.0
0.0
0.0
0.0
0.0
0.0
0.0
0.0
0.0
0.0
0.0
0.0
0.0
0.0
0.0
0.0
0.0
0.0
0.0
0.0
0.0
0.0
0.0
0.0
0.0
0.0
0.0
0.0
0.0
0.0
0.0
0.0
0.0
0.0
0.0
0.0
0.0
0.0
0.0
0.0
0.0
0.0
0.0
0.0
0.0
0.0
0.0
0.0
0.0
0.0
0.0
0.0
0.0
0.0
0.0
0.0
0.0
0.0
0.0
0.0
0.0
0.0
0.0
0.0
0.0
0.0
0.0
0.0
0.0
0.0
0.0
0.0
0.0
0.0
0.0
0.0
0.0
0.0
0.0
0.0
0.0
0.0
0.0
0.0
0.0
0.0
0.0
0.0
0.0
0.0
0.0
0.0
0.0
0.0
0.0
0.0
0.0
0.0
0.0
0.0
0.0
0.0
0.0
0.0
0.0
0.0
0.0
0.0
0.0
0.0
0.0
0.0
0.0
0.0
0.0
0.0
0.0
0.0
0.0
0.0
0.0
0.0
0.0
0.0
0.0
0.0
0.0
0.0
0.0
0.0
0.0
0.0
0.0
0.0
0.0
0.0
0.0
0.0
0.0
0.0
0.0
0.0
0.0
0.0
0.0
0.0
0.0
0.0
0.0
0.0
0.0
0.0
0.0
0.0
0.0
0.0
0.0
0.0
0.0
0.0
0.0
0.0
0.0
0.0
0.0
0.0
0.0
0.0
0.0
0.0
0.0
0.0
0.0
0.0
0.0
0.0
0.0
0.0
0.0
0.0
0.0
0.0
0.0
0.0
0.0
0.0
0.0
0.0
0.0
0.0
0.0
0.0
0.0
0.0
0.0
0.0
0.0
0.0
0.0
0.0
0.0
0.0
0.0
0.0
0.0
0.0
0.0
0.0
0.0
0.0
0.0
0.0
0.0
0.0
0.0
0.0
0.0
0.0
0.0
0.0
0.0
0.0
0.0
0.0
0.0
0.0
0.0
0.0
0.0
0.0
0.0
0.0
0.0
0.0
0.0
0.0
0.0
0.0
0.0
0.0
0.0
0.0
0.0
0.0
0.0
0.0
0.0
0.0
0.0
0.0
0.0
0.0
0.0
0.0
0.0
0.0
0.0
0.0
0.0
0.0
0.0
0.0
0.0
0.0
0.0
0.0
0.0
0.0
0.0
0.0
0.0
0.0
0.0
0.0
0.0
0.0
0.0
0.0
0.0
0.0
0.0
0.0
0.0
0.0
0.0
0.0
0.0
0.0
0.0
0.0
0.0
0.0
0.0
0.0
0.0
0.0
0.0
0.0
0.0
0.0
0.0
0.0
0.0
0.0
0.0
0.0
0.0
0.0
0.0
0.0
0.0
0.0
0.0
0.0
0.0
0.0
0.0
0.0
0.0
0.0
0.0
0.0
0.0
0.0
0.0
0.0
0.0
0.0
0.0
0.0
0.0
0.0
0.0
0.0
0.0
0.0
0.0
0.0
0.0
0.0
0.0
0.0
0.0
0.0
0.0
0.0
0.0
0.0
0.0
0.0
0.0
0.0
0.0
0.0
0.0
0.0
0.0
0.0
0.0
0.0
0.0
0.0
0.0
0.0
0.0
0.0
0.0
0.0
0.0
0.0
0.0
0.0
0.0
0.0
0.0
0.0
0.0
0.0
0.0
0.0
0.0
0.0
0.0
0.0
0.0
0.0
0.0
0.0
0.0
0.0
0.0
0.0
0.0
0.0
0.0
0.0
0.0
0.0
0.0
0.0
0.0
0.0
0.0
0.0
0.0
0.0
0.0
0.0
0.0
0.0
0.0
0.0
0.0
0.0
0.0
0.0
0.0
0.0
0.0
0.0
0.0
0.0
0.0
0.0
0.0
0.0
0.0
0.0
0.0
0.0
0.0
0.0
0.0
0.0
0.0
0.0
0.0
0.0
0.0
0.0
0.0
0.0
0.0
0.0
0.0
0.0
0.0
0.0
0.0
0.0
0.0
0.0
0.0
0.0
0.0
0.0
0.0
0.0
0.0
0.0
0.0
0.0
0.0
0.0
0.0
0.0
0.0
0.0
0.0
0.0
0.0
0.0
0.0
0.0
0.0
0.0
0.0
0.0
0.0
0.0
0.0
0.0
0.0
0.0
0.0
0.0
0.0
0.0
0.0
0.0
0.0
0.0
0.0
0.0
0.0
0.0
0.0
0.0
0.0
0.0
0.0
0.0
0.0
0.0
0.0
0.0
0.0
0.0
0.0
0.0
0.0
0.0
0.0
0.0
0.0
0.0
0.0
0.0
0.0
0.0
0.0
0.0
0.0
0.0
0.0
0.0
0.0
0.0
0.0
0.0
0.0
0.0
0.0
0.0
0.0
0.0
0.0
0.0
0.0
0.0
0.0
0.0
0.0
0.0
0.0
0.0
0.0
0.0
0.0
0.0
0.0
0.0
0.0
0.0
0.0
0.0
0.0
0.0
0.0
0.0
0.0
0.0
0.0
0.0
0.0
0.0
0.0
0.0
0.0
0.0
0.0
0.0
0.0
0.0
0.0
0.0
0.0
0.0
0.0
0.0
0.0
0.0
0.0
0.0
0.0
0.0
0.0
0.0
0.0
0.0
0.0
0.0
0.0
0.0
0.0
0.0
0.0
0.0
0.0
0.0
0.0
0.0
0.0
0.0
0.0
0.0
0.0
0.0
0.0
0.0
0.0
0.0
0.0
0.0
0.0
0.0
0.0
0.0
0.0
0.0
0.0
0.0
0.0
0.0
0.0
0.0
0.0
0.0
0.0
0.0
0.0
0.0
0.0
0.0
0.0
0.0
0.0
0.0
0.0
0.0
0.0
0.0
0.0
0.0
0.0
0.0
0.0
0.0
0.0
0.0
0.0
0.0
0.0
0.0
0.0
0.0
0.0
0.0
0.0
0.0
0.0
0.0
0.0
0.0
0.0
0.0
0.0
0.0
0.0
0.0
0.0
0.0
0.0
0.0
0.0
0.0
0.0
0.0
0.0
0.0
0.0
0.0
0.0
0.0
0.0
0.0
0.0
0.0
0.0
0.0
0.0
0.0
0.0
0.0
0.0
0.0
0.0
0.0
0.0
0.0
0.0
0.0
0.0
0.0
0.0
0.0
0.0
0.0
0.0
0.0
0.0
0.0
0.0
0.0
0.0
0.0
0.0
0.0
0.0
0.0
0.0
0.0
0.0
0.0
0.0
0.0
0.0
0.0
0.0
0.0
0.0
0.0
0.0
0.0
0.0
0.0
0.0
0.0
0.0
0.0
0.0
0.0
0.0
0.0
0.0
0.0
0.0
0.0
0.0
0.0
0.0
0.0
0.0
0.0
0.0
0.0
0.0
0.0
0.0
0.0
0.0
0.0
0.0
0.0
0.0
0.0
0.0
0.0
0.0
0.0
0.0
0.0
0.0
0.0
0.0
0.0
0.0
0.0
0.0
0.0
0.0
0.0
0.0
0.0
0.0
0.0
0.0
0.0
0.0
0.0
0.0
0.0
0.0
0.0
0.0
0.0
0.0
0.0
0.0
0.0
0.0
0.0
0.0
0.0
0.0
0.0
0.0
0.0
0.0
0.0
0.0
0.0
0.0
0.0
0.0
0.0
0.0
0.0
0.0
0.0
0.0
0.0
0.0
0.0
0.0
0.0
0.0
0.0
0.0
0.0
0.0
0.0
0.0
0.0
0.0
0.0
0.0
0.0
0.0
0.0
0.0
0.0
0.0
0.0
0.0
0.0
0.0
0.0
0.0
0.0
0.0
0.0
0.0
0.0
0.0
0.0
0.0
0.0
0.0
0.0
0.0
0.0
0.0
0.0
0.0
0.0
0.0
0.0
0.0
0.0
0.0
0.0
0.0
0.0
0.0
0.0
0.0
0.0
0.0
0.0
0.0
0.0
0.0
0.0
0.0
0.0
0.0
0.0
0.0
0.0
0.0
0.0
0.0
0.0
0.0
0.0
0.0
0.0
0.0
0.0
0.0
0.0
0.0
0.0
0.0
0.0
0.0
0.0
0.0
0.0
0.0
0.0
0.0
0.0
0.0
0.0
0.0
0.0
0.0
0.0
0.0
0.0
0.0
0.0
0.0
0.0
0.0
0.0
0.0
0.0
0.0
0.0
0.0
0.0
0.0
0.0
0.0
0.0
0.0
0.0
0.0
0.0
0.0
0.0
0.0
0.0
0.0
0.0
0.0
0.0
0.0
0.0
0.0
0.0
0.0
0.0
0.0
0.0
0.0
0.0
0.0
0.0
0.0
0.0
0.0
0.0
0.0
0.0
0.0
0.0
0.0
0.0
0.0
0.0
0.0
0.0
0.0
0.0
0.0
0.0
0.0
0.0
0.0
0.0
0.0
0.0
0.0
0.0
0.0
0.0
0.0
0.0
0.0
0.0
0.0
0.0
0.0
0.0
0.0
0.0
0.0
0.0
0.0
0.0
0.0
0.0
0.0
0.0
0.0
0.0
0.0
0.0
0.0
0.0
0.0
0.0
0.0
0.0
0.0
0.0
0.0
0.0
0.0
0.0
0.0
0.0
0.0
0.0
0.0
0.0
0.0
0.0
0.0
0.0
0.0
0.0
0.0
0.0
0.0
0.0
0.0
0.0
0.0
0.0
0.0
0.0
0.0
0.0
0.0
0.0
0.0
0.0
0.0
0.0
0.0
0.0
0.0
0.0
0.0
0.0
0.0
0.0
0.0
0.0
0.0
0.0
0.0
0.0
0.0
0.0
0.0
0.0
0.0
0.0
0.0
0.0
0.0
0.0
0.0
0.0
0.0
0.0
0.0
0.0
0.0
0.0
0.0
0.0
0.0
0.0
0.0
0.0
0.0
0.0
0.0
0.0
0.0
0.0
0.0
0.0
0.0
0.0
0.0
0.0
0.0
0.0
0.0
0.0
0.0
0.0
0.0
0.0
0.0
0.0
0.0
0.0
0.0
0.0
0.0
0.0
0.0
0.0
0.0
0.0
0.0
0.0
0.0
0.0
0.0
0.0
0.0
0.0
0.0
0.0
0.0
0.0
0.0
0.0
0.0
0.0
0.0
0.0
0.0
0.0
0.0
0.0
0.0
0.0
0.0
0.0
0.0
0.0
